<?xml version="1.0" encoding="UTF-8"?>
<testsuite xmlns:xsi="http://www.w3.org/2001/XMLSchema-instance" xsi:noNamespaceSchemaLocation="https://maven.apache.org/surefire/maven-surefire-plugin/xsd/surefire-test-report.xsd" version="3.0.2" name="com.lgs.SistemaEmpregosApplicationTests" time="5.279" tests="1" errors="0" skipped="0" failures="0">
  <properties>
[...]
</properties>
  <testcase name="contextLoads" classname="com.lgs.SistemaEmpregosApplicationTests" time="0.358">
    <system-out><![CDATA[15:52:25.673 [main] INFO org.springframework.test.context.support.AnnotationConfigContextLoaderUtils -- Could not detect default configuration classes for test class [com.lgs.SistemaEmpregosApplicationTests]: SistemaEmpregosApplicationTests does not declare any static, non-private, non-final, nested classes annotated with @Configuration.
15:52:25.742 [main] INFO org.springframework.boot.test.context.SpringBootTestContextBootstrapper -- Found @SpringBootConfiguration com.lgs.SistemaEmpregosApplication for test class com.lgs.SistemaEmpregosApplicationTests
15:52:25.845 [main] INFO org.springframework.boot.devtools.restart.RestartApplicationListener -- Restart disabled due to context in which it is running

  .   ____          _            __ _ _
 /\\ / ___'_ __ _ _(_)_ __  __ _ \ \ \ \
( ( )\___ | '_ | '_| | '_ \/ _` | \ \ \ \
 \\/  ___)| |_)| | | | | || (_| |  ) ) ) )
  '  |____| .__|_| |_|_| |_\__, | / / / /
 =========|_|==============|___/=/_/_/_/

 :: Spring Boot ::                (v3.4.0)

2024-12-19T15:52:26.014-03:00  INFO 15648 --- [SistemaEmpregos] [           main] c.lgs.SistemaEmpregosApplicationTests    : Starting SistemaEmpregosApplicationTests using Java 21.0.2 with PID 15648 (started by Leo Siqueira in J:\Spring boot Projetos\SistemaEmpregosNovo)
2024-12-19T15:52:26.015-03:00  INFO 15648 --- [SistemaEmpregos] [           main] c.lgs.SistemaEmpregosApplicationTests    : No active profile set, falling back to 1 default profile: "default"
2024-12-19T15:52:26.600-03:00  INFO 15648 --- [SistemaEmpregos] [           main] .s.d.r.c.RepositoryConfigurationDelegate : Bootstrapping Spring Data JPA repositories in DEFAULT mode.
2024-12-19T15:52:26.658-03:00  INFO 15648 --- [SistemaEmpregos] [           main] .s.d.r.c.RepositoryConfigurationDelegate : Finished Spring Data repository scanning in 49 ms. Found 4 JPA repository interfaces.
2024-12-19T15:52:27.156-03:00  INFO 15648 --- [SistemaEmpregos] [           main] o.hibernate.jpa.internal.util.LogHelper  : HHH000204: Processing PersistenceUnitInfo [name: default]
2024-12-19T15:52:27.200-03:00  INFO 15648 --- [SistemaEmpregos] [           main] org.hibernate.Version                    : HHH000412: Hibernate ORM core version 6.6.2.Final
2024-12-19T15:52:27.261-03:00  INFO 15648 --- [SistemaEmpregos] [           main] o.h.c.internal.RegionFactoryInitiator    : HHH000026: Second-level cache disabled
2024-12-19T15:52:27.592-03:00  INFO 15648 --- [SistemaEmpregos] [           main] o.s.o.j.p.SpringPersistenceUnitInfo      : No LoadTimeWeaver setup: ignoring JPA class transformer
2024-12-19T15:52:27.611-03:00  INFO 15648 --- [SistemaEmpregos] [           main] com.zaxxer.hikari.HikariDataSource       : HikariPool-1 - Starting...
2024-12-19T15:52:27.828-03:00  INFO 15648 --- [SistemaEmpregos] [           main] com.zaxxer.hikari.pool.HikariPool        : HikariPool-1 - Added connection com.mysql.cj.jdbc.ConnectionImpl@2bb3f39e
2024-12-19T15:52:27.829-03:00  INFO 15648 --- [SistemaEmpregos] [           main] com.zaxxer.hikari.HikariDataSource       : HikariPool-1 - Start completed.
2024-12-19T15:52:27.860-03:00  WARN 15648 --- [SistemaEmpregos] [           main] org.hibernate.orm.deprecation            : HHH90000025: MySQLDialect does not need to be specified explicitly using 'hibernate.dialect' (remove the property setting and it will be selected by default)
2024-12-19T15:52:27.870-03:00  INFO 15648 --- [SistemaEmpregos] [           main] org.hibernate.orm.connections.pooling    : HHH10001005: Database info:
	Database JDBC URL [Connecting through datasource 'HikariDataSource (HikariPool-1)']
	Database driver: undefined/unknown
	Database version: 8.4
	Autocommit mode: undefined/unknown
	Isolation level: undefined/unknown
	Minimum pool size: undefined/unknown
	Maximum pool size: undefined/unknown
2024-12-19T15:52:28.522-03:00  INFO 15648 --- [SistemaEmpregos] [           main] o.h.e.t.j.p.i.JtaPlatformInitiator       : HHH000489: No JTA platform available (set 'hibernate.transaction.jta.platform' to enable JTA platform integration)
2024-12-19T15:52:28.573-03:00  INFO 15648 --- [SistemaEmpregos] [           main] j.LocalContainerEntityManagerFactoryBean : Initialized JPA EntityManagerFactory for persistence unit 'default'
2024-12-19T15:52:29.103-03:00  INFO 15648 --- [SistemaEmpregos] [           main] o.s.d.j.r.query.QueryEnhancerFactory     : Hibernate is in classpath; If applicable, HQL parser will be used.
2024-12-19T15:52:29.613-03:00  WARN 15648 --- [SistemaEmpregos] [           main] JpaBaseConfiguration$JpaWebConfiguration : spring.jpa.open-in-view is enabled by default. Therefore, database queries may be performed during view rendering. Explicitly configure spring.jpa.open-in-view to disable this warning
2024-12-19T15:52:29.649-03:00  INFO 15648 --- [SistemaEmpregos] [           main] r$InitializeUserDetailsManagerConfigurer : Global AuthenticationManager configured with UserDetailsService bean with name customUserDetailsService
2024-12-19T15:52:30.465-03:00  INFO 15648 --- [SistemaEmpregos] [           main] c.lgs.SistemaEmpregosApplicationTests    : Started SistemaEmpregosApplicationTests in 4.628 seconds (process running for 5.267)
]]></system-out>
    <system-err><![CDATA[Mockito is currently self-attaching to enable the inline-mock-maker. This will no longer work in future releases of the JDK. Please add Mockito as an agent to your build what is described in Mockito's documentation: https://javadoc.io/doc/org.mockito/mockito-core/latest/org/mockito/Mockito.html#0.3
WARNING: A Java agent has been loaded dynamically (C:\Users\Leo Siqueira\.m2\repository\net\bytebuddy\byte-buddy-agent\1.15.10\byte-buddy-agent-1.15.10.jar)
WARNING: If a serviceability tool is in use, please run with -XX:+EnableDynamicAgentLoading to hide this warning
WARNING: If a serviceability tool is not in use, please run with -Djdk.instrument.traceUsage for more information
WARNING: Dynamic loading of agents will be disallowed by default in a future release
]]></system-err>
  </testcase>
</testsuite>